<?xml version="1.0" encoding="UTF-8"?>
<!-- Generated by org.testng.reporters.JUnitReportReporter -->
<testsuite hostname="DESKTOP-UDG00U6" failures="0" tests="1" name="DineshAppium.Appium.LongPress" time="12.759" errors="0" timestamp="2024-03-10T00:04:17 IST" skipped="0">
  <testcase classname="DineshAppium.Appium.LongPress" name="longPressGesture" time="12.759"/>
  <system-out/>
</testsuite> <!-- DineshAppium.Appium.LongPress -->
