<?xml version="1.0" encoding="UTF-8"?>
<!-- Generated by org.testng.reporters.JUnitReportReporter -->
<testsuite hostname="DESKTOP-UDG00U6" failures="0" tests="1" name="DineshAppium.Appium.ScrollDemo" time="8.053" errors="0" timestamp="2024-03-10T00:37:43 IST" skipped="0">
  <testcase classname="DineshAppium.Appium.ScrollDemo" name="scrollDemoTest" time="8.053"/>
  <system-out/>
</testsuite> <!-- DineshAppium.Appium.ScrollDemo -->
