<?xml version="1.0" encoding="UTF-8"?>
<!-- Generated by org.testng.reporters.JUnitReportReporter -->
<testsuite hostname="DESKTOP-UDG00U6" failures="0" tests="1" name="DineshAppium.Appium.AppiumIntro" time="2.461" errors="0" timestamp="2024-03-09T19:38:32 IST" skipped="0">
  <testcase classname="DineshAppium.Appium.AppiumIntro" name="AppiumTest" time="2.461"/>
  <system-out/>
</testsuite> <!-- DineshAppium.Appium.AppiumIntro -->
